<?xml version="1.0" encoding="UTF-8"?>
<!-- Generated by org.testng.reporters.JUnitXMLReporter -->
<testsuite ignored="0" hostname="nuglaf" failures="3" tests="34" name="Test" time="30.825" errors="0" timestamp="06 Jan 2021 05:49:19 GMT">
  <testcase classname="TestNG.TestNG.GoogleTitleTest" name="@BeforeMethod setUp" time="16.874">
    <failure type="org.openqa.selenium.WebDriverException" message="chrome not reachable
  (Session info: chrome=87.0.4280.88)
Build info: version: &amp;apos;3.141.59&amp;apos;, revision: &amp;apos;e82be7d358&amp;apos;, time: &amp;apos;2018-11-14T08:25:48&amp;apos;
System info: host: &amp;apos;NUGLAF&amp;apos;, ip: &amp;apos;192.168.0.128&amp;apos;, os.name: &amp;apos;Windows 10&amp;apos;, os.arch: &amp;apos;amd64&amp;apos;, os.version: &amp;apos;10.0&amp;apos;, java.version: &amp;apos;11.0.2&amp;apos;
Driver info: org.openqa.selenium.chrome.ChromeDriver
Capabilities {acceptInsecureCerts: false, browserName: chrome, browserVersion: 87.0.4280.88, chrome: {chromedriverVersion: 87.0.4280.88 (89e2380a3e36c..., userDataDir: C:\Users\Garvita\AppData\Lo...}, goog:chromeOptions: {debuggerAddress: localhost:57351}, javascriptEnabled: true, networkConnectionEnabled: false, pageLoadStrategy: normal, platform: WINDOWS, platformName: WINDOWS, proxy: Proxy(), setWindowRect: true, strictFileInteractability: false, timeouts: {implicit: 0, pageLoad: 300000, script: 30000}, unhandledPromptBehavior: dismiss and notify, webauthn:virtualAuthenticators: true}
Session ID: 6ed545800c10e4fa409767cbda5d2e25">
      <![CDATA[org.openqa.selenium.WebDriverException: chrome not reachable
  (Session info: chrome=87.0.4280.88)
Build info: version: '3.141.59', revision: 'e82be7d358', time: '2018-11-14T08:25:48'
System info: host: 'NUGLAF', ip: '192.168.0.128', os.name: 'Windows 10', os.arch: 'amd64', os.version: '10.0', java.version: '11.0.2'
Driver info: org.openqa.selenium.chrome.ChromeDriver
Capabilities {acceptInsecureCerts: false, browserName: chrome, browserVersion: 87.0.4280.88, chrome: {chromedriverVersion: 87.0.4280.88 (89e2380a3e36c..., userDataDir: C:\Users\Garvita\AppData\Lo...}, goog:chromeOptions: {debuggerAddress: localhost:57351}, javascriptEnabled: true, networkConnectionEnabled: false, pageLoadStrategy: normal, platform: WINDOWS, platformName: WINDOWS, proxy: Proxy(), setWindowRect: true, strictFileInteractability: false, timeouts: {implicit: 0, pageLoad: 300000, script: 30000}, unhandledPromptBehavior: dismiss and notify, webauthn:virtualAuthenticators: true}
Session ID: 6ed545800c10e4fa409767cbda5d2e25
at org.openqa.selenium.remote.http.W3CHttpResponseCodec.createException(W3CHttpResponseCodec.java:187)
at org.openqa.selenium.remote.http.W3CHttpResponseCodec.decode(W3CHttpResponseCodec.java:122)
at org.openqa.selenium.remote.http.W3CHttpResponseCodec.decode(W3CHttpResponseCodec.java:49)
at org.openqa.selenium.remote.HttpCommandExecutor.execute(HttpCommandExecutor.java:158)
at org.openqa.selenium.remote.service.DriverCommandExecutor.execute(DriverCommandExecutor.java:83)
at org.openqa.selenium.remote.RemoteWebDriver.execute(RemoteWebDriver.java:552)
at org.openqa.selenium.remote.RemoteWebDriver.execute(RemoteWebDriver.java:609)
at org.openqa.selenium.remote.RemoteWebDriver$RemoteWebDriverOptions$RemoteWindow.maximize(RemoteWebDriver.java:837)
at TestNG.TestNG.GoogleTitleTest.setUp(GoogleTitleTest.java:24)
... Removed 32 stack frames]]>
    </failure>
  </testcase> <!-- @BeforeMethod setUp -->
  <testcase classname="TestNG.TestNG.GoogleTitleTest" name="@AfterMethod tearDown" time="0.0">
    <skipped/>
  </testcase> <!-- @AfterMethod tearDown -->
  <testcase classname="TestNG.TestNG.testCase1" name="@BeforeMethod setUp" time="13.791">
    <failure type="org.openqa.selenium.SessionNotCreatedException" message="session not created
from chrome not reachable
  (Session info: chrome=87.0.4280.88)
Build info: version: &amp;apos;3.141.59&amp;apos;, revision: &amp;apos;e82be7d358&amp;apos;, time: &amp;apos;2018-11-14T08:25:48&amp;apos;
System info: host: &amp;apos;NUGLAF&amp;apos;, ip: &amp;apos;192.168.0.128&amp;apos;, os.name: &amp;apos;Windows 10&amp;apos;, os.arch: &amp;apos;amd64&amp;apos;, os.version: &amp;apos;10.0&amp;apos;, java.version: &amp;apos;11.0.2&amp;apos;
Driver info: driver.version: ChromeDriver
remote stacktrace: Backtrace:
	Ordinal0 [0x00B0C0C3+3326147]
	Ordinal0 [0x009F0851+2164817]
	Ordinal0 [0x00877140+618816]
	Ordinal0 [0x0086D404+578564]
	Ordinal0 [0x0086DACB+580299]
	Ordinal0 [0x0086ED35+585013]
	Ordinal0 [0x00869D61+564577]
	Ordinal0 [0x008782C0+623296]
	Ordinal0 [0x00816BDD+224221]
	Ordinal0 [0x00815CAC+220332]
	Ordinal0 [0x0081189B+202907]
	Ordinal0 [0x007F3DF4+81396]
	Ordinal0 [0x007F4DEE+85486]
	Ordinal0 [0x007F4D79+85369]
	Ordinal0 [0x00A085DC+2262492]
	GetHandleVerifier [0x00C92874+1487204]
	GetHandleVerifier [0x00C923CD+1486013]
	GetHandleVerifier [0x00C9A368+1518680]
	GetHandleVerifier [0x00C92F4E+1488958]
	Ordinal0 [0x009FED0D+2223373]
	Ordinal0 [0x00A0A12B+2269483]
	Ordinal0 [0x00A0A26F+2269807]
	Ordinal0 [0x00A1ECB8+2354360]
	BaseThreadInitThunk [0x75BEFA29+25]
	RtlGetAppContainerNamedObjectPath [0x773F75F4+228]
	RtlGetAppContainerNamedObjectPath [0x773F75C4+180]
">
      <![CDATA[org.openqa.selenium.SessionNotCreatedException: session not created
from chrome not reachable
  (Session info: chrome=87.0.4280.88)
Build info: version: '3.141.59', revision: 'e82be7d358', time: '2018-11-14T08:25:48'
System info: host: 'NUGLAF', ip: '192.168.0.128', os.name: 'Windows 10', os.arch: 'amd64', os.version: '10.0', java.version: '11.0.2'
Driver info: driver.version: ChromeDriver
remote stacktrace: Backtrace:
Ordinal0 [0x00B0C0C3+3326147]
Ordinal0 [0x009F0851+2164817]
Ordinal0 [0x00877140+618816]
Ordinal0 [0x0086D404+578564]
Ordinal0 [0x0086DACB+580299]
Ordinal0 [0x0086ED35+585013]
Ordinal0 [0x00869D61+564577]
Ordinal0 [0x008782C0+623296]
Ordinal0 [0x00816BDD+224221]
Ordinal0 [0x00815CAC+220332]
Ordinal0 [0x0081189B+202907]
Ordinal0 [0x007F3DF4+81396]
Ordinal0 [0x007F4DEE+85486]
Ordinal0 [0x007F4D79+85369]
Ordinal0 [0x00A085DC+2262492]
GetHandleVerifier [0x00C92874+1487204]
GetHandleVerifier [0x00C923CD+1486013]
GetHandleVerifier [0x00C9A368+1518680]
GetHandleVerifier [0x00C92F4E+1488958]
Ordinal0 [0x009FED0D+2223373]
Ordinal0 [0x00A0A12B+2269483]
Ordinal0 [0x00A0A26F+2269807]
Ordinal0 [0x00A1ECB8+2354360]
BaseThreadInitThunk [0x75BEFA29+25]
RtlGetAppContainerNamedObjectPath [0x773F75F4+228]
RtlGetAppContainerNamedObjectPath [0x773F75C4+180]

at org.openqa.selenium.remote.W3CHandshakeResponse.lambda$errorHandler$0(W3CHandshakeResponse.java:62)
at org.openqa.selenium.remote.HandshakeResponse.lambda$getResponseFunction$0(HandshakeResponse.java:30)
at org.openqa.selenium.remote.ProtocolHandshake.lambda$createSession$0(ProtocolHandshake.java:126)
at java.base/java.util.stream.ReferencePipeline$3$1.accept(ReferencePipeline.java:195)
at java.base/java.util.Spliterators$ArraySpliterator.tryAdvance(Spliterators.java:958)
at java.base/java.util.stream.ReferencePipeline.forEachWithCancel(ReferencePipeline.java:127)
at java.base/java.util.stream.AbstractPipeline.copyIntoWithCancel(AbstractPipeline.java:502)
at java.base/java.util.stream.AbstractPipeline.copyInto(AbstractPipeline.java:488)
at java.base/java.util.stream.AbstractPipeline.wrapAndCopyInto(AbstractPipeline.java:474)
at java.base/java.util.stream.FindOps$FindOp.evaluateSequential(FindOps.java:150)
at java.base/java.util.stream.AbstractPipeline.evaluate(AbstractPipeline.java:234)
at java.base/java.util.stream.ReferencePipeline.findFirst(ReferencePipeline.java:543)
at org.openqa.selenium.remote.ProtocolHandshake.createSession(ProtocolHandshake.java:128)
at org.openqa.selenium.remote.ProtocolHandshake.createSession(ProtocolHandshake.java:74)
at org.openqa.selenium.remote.HttpCommandExecutor.execute(HttpCommandExecutor.java:136)
at org.openqa.selenium.remote.service.DriverCommandExecutor.execute(DriverCommandExecutor.java:83)
at org.openqa.selenium.remote.RemoteWebDriver.execute(RemoteWebDriver.java:552)
at org.openqa.selenium.remote.RemoteWebDriver.startSession(RemoteWebDriver.java:213)
at org.openqa.selenium.remote.RemoteWebDriver.<init>(RemoteWebDriver.java:131)
at org.openqa.selenium.chrome.ChromeDriver.<init>(ChromeDriver.java:181)
at org.openqa.selenium.chrome.ChromeDriver.<init>(ChromeDriver.java:168)
at org.openqa.selenium.chrome.ChromeDriver.<init>(ChromeDriver.java:123)
at TestNG.TestNG.testCase1.setUp(testCase1.java:25)
... Removed 32 stack frames]]>
    </failure>
  </testcase> <!-- @BeforeMethod setUp -->
  <testcase classname="TestNG.TestNG.testCase1" name="@AfterMethod tearDown" time="0.0">
    <skipped/>
  </testcase> <!-- @AfterMethod tearDown -->
  <testcase classname="TestNG.TestNG.testCase1" name="@BeforeMethod setUp" time="0.0">
    <skipped/>
  </testcase> <!-- @BeforeMethod setUp -->
  <testcase classname="TestNG.TestNG.testCase1" name="@AfterMethod tearDown" time="0.0">
    <skipped/>
  </testcase> <!-- @AfterMethod tearDown -->
  <testcase classname="TestNG.TestNG.testCase1" name="@BeforeMethod setUp" time="0.0">
    <skipped/>
  </testcase> <!-- @BeforeMethod setUp -->
  <testcase classname="TestNG.TestNG.testCase1" name="@AfterMethod tearDown" time="0.0">
    <skipped/>
  </testcase> <!-- @AfterMethod tearDown -->
  <testcase classname="TestNG.TestNG.ExceptionTimeoutTest" name="testCase1" time="0.009"/>
  <testcase classname="TestNG.TestNG.ExceptionTimeoutTest" name="testCase2" time="0.002">
    <skipped/>
  </testcase> <!-- testCase2 -->
  <testcase classname="TestNG.TestNG.ExceptionTimeoutTest" name="testCase2" time="0.002">
    <skipped/>
  </testcase> <!-- testCase2 -->
  <testcase classname="TestNG.TestNG.ExceptionTimeoutTest" name="testCase2" time="0.001">
    <skipped/>
  </testcase> <!-- testCase2 -->
  <testcase classname="TestNG.TestNG.ExceptionTimeoutTest" name="testCase2" time="0.003">
    <failure type="org.testng.TestException" message="
Method ExceptionTimeoutTest.testCase2()[pri:0, instance:TestNG.TestNG.ExceptionTimeoutTest@7d9f158f] should have thrown an exception of type class java.lang.NumberFormatException">
      <![CDATA[org.testng.TestException: 
Method ExceptionTimeoutTest.testCase2()[pri:0, instance:TestNG.TestNG.ExceptionTimeoutTest@7d9f158f] should have thrown an exception of type class java.lang.NumberFormatException
... Removed 22 stack frames]]>
    </failure>
  </testcase> <!-- testCase2 -->
  <testcase classname="TestNG.TestNG.GoogleTitleTest" name="login" time="0.0">
    <skipped/>
  </testcase> <!-- login -->
  <testcase classname="TestNG.TestNG.TestNGFeatures" name="loginTest" time="0.001">
    <skipped/>
  </testcase> <!-- loginTest -->
  <testcase classname="TestNG.TestNG.TestNGFeatures" name="loginTest" time="0.002">
    <skipped/>
  </testcase> <!-- loginTest -->
  <testcase classname="TestNG.TestNG.TestNGFeatures" name="loginTest" time="0.001">
    <skipped/>
  </testcase> <!-- loginTest -->
  <testcase classname="TestNG.TestNG.TestNGFeatures" name="loginTest" time="0.001">
    <failure type="java.lang.ArithmeticException" message="/ by zero">
      <![CDATA[java.lang.ArithmeticException: / by zero
at TestNG.TestNG.TestNGFeatures.loginTest(TestNGFeatures.java:13)
... Removed 25 stack frames]]>
    </failure>
  </testcase> <!-- loginTest -->
  <testcase classname="TestNG.TestNG.testCase2" name="Checkout" time="0.001"/>
  <testcase classname="TestNG.TestNG.testCase2" name="SelectItem" time="0.001"/>
  <testcase classname="TestNG.TestNG.testCase2" name="login" time="0.002"/>
  <testcase classname="TestNG.TestNG.TestNGFeatures" name="HomePage" time="0.0">
    <skipped/>
  </testcase> <!-- HomePage -->
  <testcase classname="TestNG.TestNG.TestNGFeatures" name="RealPage" time="0.0">
    <skipped/>
  </testcase> <!-- RealPage -->
  <testcase classname="TestNG.TestNG.TestNGFeatures" name="SearchPage" time="0.0">
    <skipped/>
  </testcase> <!-- SearchPage -->
  <testcase classname="TestNG.TestNG.InvocationCountTest" name="sum" time="0.001"/>
  <testcase classname="TestNG.TestNG.InvocationCountTest" name="sum" time="0.002"/>
  <testcase classname="TestNG.TestNG.InvocationCountTest" name="sum" time="0.001"/>
  <testcase classname="TestNG.TestNG.InvocationCountTest" name="sum" time="0.001"/>
  <testcase classname="TestNG.TestNG.InvocationCountTest" name="sum" time="0.002"/>
  <testcase classname="TestNG.TestNG.InvocationCountTest" name="sum" time="0.001"/>
  <testcase classname="TestNG.TestNG.InvocationCountTest" name="sum" time="0.001"/>
  <testcase classname="TestNG.TestNG.InvocationCountTest" name="sum" time="0.001"/>
  <testcase classname="TestNG.TestNG.InvocationCountTest" name="sum" time="0.001"/>
  <testcase classname="TestNG.TestNG.InvocationCountTest" name="sum" time="0.001"/>
  <testcase classname="TestNG.TestNG.dependency" name="method1" time="0.001">
    <skipped/>
  </testcase> <!-- method1 -->
  <testcase classname="TestNG.TestNG.dependency" name="method1" time="0.001">
    <skipped/>
  </testcase> <!-- method1 -->
  <testcase classname="TestNG.TestNG.dependency" name="method1" time="0.001">
    <skipped/>
  </testcase> <!-- method1 -->
  <testcase classname="TestNG.TestNG.dependency" name="method1" time="0.006">
    <failure type="java.lang.ArithmeticException" message="/ by zero">
      <![CDATA[java.lang.ArithmeticException: / by zero
at TestNG.TestNG.dependency.method1(dependency.java:12)
... Removed 25 stack frames]]>
    </failure>
  </testcase> <!-- method1 -->
  <testcase classname="TestNG.TestNG.dependency" name="method2" time="0.0">
    <skipped/>
  </testcase> <!-- method2 -->
  <testcase classname="TestNG.TestNG.testCase1" name="login" time="0.0">
    <skipped/>
  </testcase> <!-- login -->
  <testcase classname="TestNG.TestNG.testCase1" name="linkText" time="0.0">
    <skipped/>
  </testcase> <!-- linkText -->
  <testcase classname="TestNG.TestNG.testCase1" name="Alert" time="0.0">
    <skipped/>
  </testcase> <!-- Alert -->
</testsuite> <!-- Test -->
