<?xml version="1.0" encoding="UTF-8"?>
<!-- Generated by org.testng.reporters.JUnitXMLReporter -->
<testsuite ignored="0" hostname="nuglaf" failures="1" tests="1" name="Sprint1(failed)" time="0.059" errors="0" timestamp="05 Jan 2021 21:07:34 GMT">
  <testcase classname="FailedTeastCase.TeastCase3" name="testWorldPress" time="0.021">
    <failure type="java.lang.AssertionError" message="expected [true] but found [false]">
      <![CDATA[java.lang.AssertionError: expected [true] but found [false]
at FailedTeastCase.TeastCase3.testWorldPress(TeastCase3.java:9)
... Removed 31 stack frames]]>
    </failure>
  </testcase> <!-- testWorldPress -->
</testsuite> <!-- Sprint1(failed) -->
